<?xml version="1.0" encoding="UTF-8"?>
<coverage generated="1571026257186" clover="3.2.0">
  <project timestamp="1571026257186" name="All files">
    <metrics statements="42" coveredstatements="42" conditionals="14" coveredconditionals="14" methods="11" coveredmethods="11" elements="67" coveredelements="67" complexity="0" loc="42" ncloc="42" packages="1" files="1" classes="1"/>
    <file name="main.ts" path="D:\code\front\event-bus-ts\src\main.ts">
      <metrics statements="42" coveredstatements="42" conditionals="14" coveredconditionals="14" methods="11" coveredmethods="11"/>
      <line num="7" count="1" type="stmt"/>
      <line num="11" count="8" type="stmt"/>
      <line num="19" count="1" type="stmt"/>
      <line num="20" count="11" type="cond" truecount="2" falsecount="0"/>
      <line num="21" count="10" type="stmt"/>
      <line num="23" count="11" type="stmt"/>
      <line num="24" count="11" type="stmt"/>
      <line num="32" count="1" type="stmt"/>
      <line num="33" count="1" type="stmt"/>
      <line num="34" count="1" type="stmt"/>
      <line num="35" count="1" type="stmt"/>
      <line num="43" count="1" type="stmt"/>
      <line num="44" count="3" type="stmt"/>
      <line num="46" count="3" type="cond" truecount="2" falsecount="0"/>
      <line num="48" count="2" type="cond" truecount="2" falsecount="0"/>
      <line num="49" count="1" type="stmt"/>
      <line num="53" count="1" type="stmt"/>
      <line num="54" count="1" type="stmt"/>
      <line num="57" count="3" type="stmt"/>
      <line num="65" count="18" type="stmt"/>
      <line num="66" count="7" type="stmt"/>
      <line num="68" count="7" type="cond" truecount="4" falsecount="0"/>
      <line num="69" count="4" type="stmt"/>
      <line num="70" count="4" type="cond" truecount="2" falsecount="0"/>
      <line num="71" count="1" type="stmt"/>
      <line num="72" count="1" type="stmt"/>
      <line num="73" count="1" type="stmt"/>
      <line num="75" count="3" type="stmt"/>
      <line num="78" count="3" type="stmt"/>
      <line num="80" count="4" type="stmt"/>
      <line num="88" count="1" type="stmt"/>
      <line num="89" count="2" type="cond" truecount="2" falsecount="0"/>
      <line num="95" count="1" type="stmt"/>
      <line num="96" count="4" type="stmt"/>
      <line num="97" count="4" type="stmt"/>
      <line num="98" count="12" type="stmt"/>
      <line num="100" count="4" type="stmt"/>
      <line num="106" count="1" type="stmt"/>
      <line num="107" count="1" type="stmt"/>
      <line num="113" count="1" type="stmt"/>
      <line num="114" count="1" type="stmt"/>
      <line num="116" count="1" type="stmt"/>
    </file>
  </project>
</coverage>
