{"D:\\code\\front\\event-bus-ts\\src\\main.ts": {"path":"D:\\code\\front\\event-bus-ts\\src\\main.ts","statementMap":{"0":{"start":{"line":7,"column":0},"end":{"line":7,"column":null}},"1":{"start":{"line":11,"column":8},"end":{"line":11,"column":null}},"2":{"start":{"line":19,"column":4},"end":{"line":25,"column":null}},"3":{"start":{"line":20,"column":8},"end":{"line":22,"column":null}},"4":{"start":{"line":21,"column":12},"end":{"line":21,"column":null}},"5":{"start":{"line":23,"column":8},"end":{"line":23,"column":null}},"6":{"start":{"line":24,"column":8},"end":{"line":24,"column":null}},"7":{"start":{"line":32,"column":4},"end":{"line":36,"column":6}},"8":{"start":{"line":33,"column":8},"end":{"line":33,"column":31}},"9":{"start":{"line":34,"column":8},"end":{"line":34,"column":37}},"10":{"start":{"line":35,"column":8},"end":{"line":35,"column":20}},"11":{"start":{"line":43,"column":4},"end":{"line":58,"column":6}},"12":{"start":{"line":44,"column":26},"end":{"line":44,"column":55}},"13":{"start":{"line":46,"column":8},"end":{"line":56,"column":null}},"14":{"start":{"line":48,"column":12},"end":{"line":55,"column":null}},"15":{"start":{"line":49,"column":16},"end":{"line":49,"column":53}},"16":{"start":{"line":53,"column":30},"end":{"line":53,"column":84}},"17":{"start":{"line":53,"column":68},"end":{"line":53,"column":84}},"18":{"start":{"line":54,"column":16},"end":{"line":54,"column":43}},"19":{"start":{"line":57,"column":8},"end":{"line":57,"column":20}},"20":{"start":{"line":65,"column":4},"end":{"line":82,"column":6}},"21":{"start":{"line":65,"column":28},"end":{"line":65,"column":43}},"22":{"start":{"line":66,"column":26},"end":{"line":66,"column":55}},"23":{"start":{"line":68,"column":8},"end":{"line":81,"column":null}},"24":{"start":{"line":69,"column":12},"end":{"line":77,"column":null}},"25":{"start":{"line":69,"column":42},"end":{"line":69,"column":63}},"26":{"start":{"line":69,"column":61},"end":{"line":69,"column":63}},"27":{"start":{"line":69,"column":21},"end":{"line":69,"column":22}},"28":{"start":{"line":69,"column":22},"end":{"line":69,"column":27}},"29":{"start":{"line":69,"column":29},"end":{"line":69,"column":37}},"30":{"start":{"line":70,"column":16},"end":{"line":76,"column":null}},"31":{"start":{"line":71,"column":40},"end":{"line":71,"column":48}},"32":{"start":{"line":72,"column":20},"end":{"line":72,"column":47}},"33":{"start":{"line":73,"column":20},"end":{"line":73,"column":46}},"34":{"start":{"line":75,"column":20},"end":{"line":75,"column":41}},"35":{"start":{"line":78,"column":12},"end":{"line":78,"column":24}},"36":{"start":{"line":80,"column":12},"end":{"line":80,"column":25}},"37":{"start":{"line":88,"column":4},"end":{"line":90,"column":6}},"38":{"start":{"line":89,"column":8},"end":{"line":89,"column":103}},"39":{"start":{"line":95,"column":4},"end":{"line":101,"column":6}},"40":{"start":{"line":96,"column":37},"end":{"line":96,"column":39}},"41":{"start":{"line":97,"column":8},"end":{"line":99,"column":null}},"42":{"start":{"line":98,"column":12},"end":{"line":98,"column":39}},"43":{"start":{"line":100,"column":8},"end":{"line":100,"column":26}},"44":{"start":{"line":106,"column":4},"end":{"line":108,"column":null}},"45":{"start":{"line":107,"column":8},"end":{"line":107,"column":36}},"46":{"start":{"line":113,"column":4},"end":{"line":115,"column":6}},"47":{"start":{"line":114,"column":8},"end":{"line":114,"column":32}},"48":{"start":{"line":116,"column":0},"end":{"line":116,"column":null}}},"fnMap":{"0":{"name":"(anonymous_4)","decl":{"start":{"line":7,"column":0},"end":{"line":7,"column":null}},"loc":{"start":{"line":7,"column":0},"end":{"line":116,"column":null}}},"1":{"name":"EventBus","decl":{"start":{"line":10,"column":4},"end":{"line":10,"column":null}},"loc":{"start":{"line":10,"column":4},"end":{"line":12,"column":5}}},"2":{"name":"(anonymous_6)","decl":{"start":{"line":19,"column":4},"end":{"line":19,"column":6}},"loc":{"start":{"line":19,"column":44},"end":{"line":25,"column":5}}},"3":{"name":"(anonymous_7)","decl":{"start":{"line":32,"column":4},"end":{"line":32,"column":8}},"loc":{"start":{"line":32,"column":46},"end":{"line":36,"column":5}}},"4":{"name":"(anonymous_8)","decl":{"start":{"line":43,"column":4},"end":{"line":43,"column":7}},"loc":{"start":{"line":43,"column":46},"end":{"line":58,"column":5}}},"5":{"name":"(anonymous_9)","decl":{"start":{"line":53,"column":50},"end":{"line":53,"column":51}},"loc":{"start":{"line":53,"column":63},"end":{"line":53,"column":70}}},"6":{"name":"(anonymous_10)","decl":{"start":{"line":65,"column":4},"end":{"line":65,"column":8}},"loc":{"start":{"line":65,"column":26},"end":{"line":82,"column":5}}},"7":{"name":"(anonymous_11)","decl":{"start":{"line":88,"column":4},"end":{"line":88,"column":7}},"loc":{"start":{"line":88,"column":25},"end":{"line":90,"column":5}}},"8":{"name":"(anonymous_12)","decl":{"start":{"line":95,"column":4},"end":{"line":95,"column":17}},"loc":{"start":{"line":95,"column":4},"end":{"line":101,"column":5}}},"9":{"name":"(anonymous_13)","decl":{"start":{"line":106,"column":4},"end":{"line":106,"column":14}},"loc":{"start":{"line":106,"column":4},"end":{"line":108,"column":5}}},"10":{"name":"(anonymous_14)","decl":{"start":{"line":113,"column":4},"end":{"line":113,"column":11}},"loc":{"start":{"line":113,"column":4},"end":{"line":115,"column":5}}}},"branchMap":{"0":{"loc":{"start":{"line":20,"column":8},"end":{"line":22,"column":null}},"type":"if","locations":[{"start":{"line":20,"column":8},"end":{"line":22,"column":null}},{"start":{"line":20,"column":8},"end":{"line":22,"column":null}}]},"1":{"loc":{"start":{"line":46,"column":8},"end":{"line":56,"column":null}},"type":"if","locations":[{"start":{"line":46,"column":8},"end":{"line":56,"column":null}},{"start":{"line":46,"column":8},"end":{"line":56,"column":null}}]},"2":{"loc":{"start":{"line":48,"column":12},"end":{"line":55,"column":null}},"type":"if","locations":[{"start":{"line":48,"column":12},"end":{"line":55,"column":null}},{"start":{"line":48,"column":12},"end":{"line":55,"column":null}}]},"3":{"loc":{"start":{"line":68,"column":8},"end":{"line":81,"column":null}},"type":"if","locations":[{"start":{"line":68,"column":8},"end":{"line":81,"column":null}},{"start":{"line":68,"column":8},"end":{"line":81,"column":null}}]},"4":{"loc":{"start":{"line":68,"column":12},"end":{"line":68,"column":35}},"type":"binary-expr","locations":[{"start":{"line":68,"column":12},"end":{"line":68,"column":35}},{"start":{"line":68,"column":39},"end":{"line":68,"column":59}}]},"5":{"loc":{"start":{"line":70,"column":16},"end":{"line":76,"column":null}},"type":"if","locations":[{"start":{"line":70,"column":16},"end":{"line":76,"column":null}},{"start":{"line":70,"column":16},"end":{"line":76,"column":null}}]},"6":{"loc":{"start":{"line":89,"column":15},"end":{"line":89,"column":58}},"type":"binary-expr","locations":[{"start":{"line":89,"column":15},"end":{"line":89,"column":58}},{"start":{"line":89,"column":62},"end":{"line":89,"column":102}}]}},"s":{"0":1,"1":8,"2":1,"3":11,"4":10,"5":11,"6":11,"7":1,"8":1,"9":1,"10":1,"11":1,"12":3,"13":3,"14":2,"15":1,"16":1,"17":1,"18":1,"19":3,"20":1,"21":18,"22":7,"23":7,"24":3,"25":3,"26":3,"27":4,"28":4,"29":4,"30":4,"31":1,"32":1,"33":1,"34":3,"35":3,"36":4,"37":1,"38":2,"39":1,"40":4,"41":4,"42":12,"43":4,"44":1,"45":1,"46":1,"47":1,"48":1},"f":{"0":1,"1":8,"2":11,"3":1,"4":3,"5":1,"6":7,"7":2,"8":4,"9":1,"10":1},"b":{"0":[10,1],"1":[2,1],"2":[1,1],"3":[3,4],"4":[7,5],"5":[1,3],"6":[2,1]}}
}
