TN:
SF:D:\code\front\event-bus-ts\src\main.ts
FN:7,(anonymous_4)
FN:10,EventBus
FN:19,(anonymous_6)
FN:32,(anonymous_7)
FN:43,(anonymous_8)
FN:53,(anonymous_9)
FN:65,(anonymous_10)
FN:88,(anonymous_11)
FN:95,(anonymous_12)
FN:106,(anonymous_13)
FN:113,(anonymous_14)
FNF:11
FNH:11
FNDA:1,(anonymous_4)
FNDA:8,EventBus
FNDA:11,(anonymous_6)
FNDA:1,(anonymous_7)
FNDA:3,(anonymous_8)
FNDA:1,(anonymous_9)
FNDA:7,(anonymous_10)
FNDA:2,(anonymous_11)
FNDA:4,(anonymous_12)
FNDA:1,(anonymous_13)
FNDA:1,(anonymous_14)
DA:7,1
DA:11,8
DA:19,1
DA:20,11
DA:21,10
DA:23,11
DA:24,11
DA:32,1
DA:33,1
DA:34,1
DA:35,1
DA:43,1
DA:44,3
DA:46,3
DA:48,2
DA:49,1
DA:53,1
DA:54,1
DA:57,3
DA:65,18
DA:66,7
DA:68,7
DA:69,4
DA:70,4
DA:71,1
DA:72,1
DA:73,1
DA:75,3
DA:78,3
DA:80,4
DA:88,1
DA:89,2
DA:95,1
DA:96,4
DA:97,4
DA:98,12
DA:100,4
DA:106,1
DA:107,1
DA:113,1
DA:114,1
DA:116,1
LF:42
LH:42
BRDA:20,0,0,10
BRDA:20,0,1,1
BRDA:46,1,0,2
BRDA:46,1,1,1
BRDA:48,2,0,1
BRDA:48,2,1,1
BRDA:68,3,0,3
BRDA:68,3,1,4
BRDA:68,4,0,7
BRDA:68,4,1,5
BRDA:70,5,0,1
BRDA:70,5,1,3
BRDA:89,6,0,2
BRDA:89,6,1,1
BRF:14
BRH:14
end_of_record
